<?xml version="1.0" encoding="UTF-8"?>
<testsuites name="jest tests" tests="24" failures="23" errors="0" time="18.316">
  <testsuite name="HologramRenderer" errors="0" failures="6" skipped="0" timestamp="2025-04-20T14:08:50" time="4.575" tests="6">
    <testcase classname="HologramRenderer should initialize with default options" name="HologramRenderer should initialize with default options" time="0.036">
      <failure>TypeError: this.camera.position.set is not a function
    at Function.set [as _initWebGL] (C:\Users\user\Documents\Projects\CyberCore\assets\hologram-renderer.js:310:26)
    at Function._initWebGL (C:\Users\user\Documents\Projects\CyberCore\assets\hologram-renderer.js:70:10)
    at Object.initialize (C:\Users\user\Documents\Projects\CyberCore\tests\unit\hologram-renderer.test.js:77:22)
    at Promise.then.completed (C:\Users\user\Documents\Projects\CyberCore\node_modules\jest-circus\build\utils.js:298:28)
    at new Promise (&lt;anonymous&gt;)
    at callAsyncCircusFn (C:\Users\user\Documents\Projects\CyberCore\node_modules\jest-circus\build\utils.js:231:10)
    at _callCircusTest (C:\Users\user\Documents\Projects\CyberCore\node_modules\jest-circus\build\run.js:316:40)
    at processTicksAndRejections (node:internal/process/task_queues:95:5)
    at _runTest (C:\Users\user\Documents\Projects\CyberCore\node_modules\jest-circus\build\run.js:252:3)
    at _runTestsForDescribeBlock (C:\Users\user\Documents\Projects\CyberCore\node_modules\jest-circus\build\run.js:126:9)
    at _runTestsForDescribeBlock (C:\Users\user\Documents\Projects\CyberCore\node_modules\jest-circus\build\run.js:121:9)
    at run (C:\Users\user\Documents\Projects\CyberCore\node_modules\jest-circus\build\run.js:71:3)
    at runAndTransformResultsToJestFormat (C:\Users\user\Documents\Projects\CyberCore\node_modules\jest-circus\build\legacy-code-todo-rewrite\jestAdapterInit.js:122:21)
    at jestAdapter (C:\Users\user\Documents\Projects\CyberCore\node_modules\jest-circus\build\legacy-code-todo-rewrite\jestAdapter.js:79:19)
    at runTestInternal (C:\Users\user\Documents\Projects\CyberCore\node_modules\jest-runner\build\runTest.js:367:16)
    at runTest (C:\Users\user\Documents\Projects\CyberCore\node_modules\jest-runner\build\runTest.js:444:34)
    at Object.worker (C:\Users\user\Documents\Projects\CyberCore\node_modules\jest-runner\build\testWorker.js:106:12)</failure>
    </testcase>
    <testcase classname="HologramRenderer should load 3D model" name="HologramRenderer should load 3D model" time="0.008">
      <failure>TypeError: this.camera.position.set is not a function
    at Function.set [as _initWebGL] (C:\Users\user\Documents\Projects\CyberCore\assets\hologram-renderer.js:310:26)
    at Function._initWebGL (C:\Users\user\Documents\Projects\CyberCore\assets\hologram-renderer.js:70:10)
    at Object.initialize (C:\Users\user\Documents\Projects\CyberCore\tests\unit\hologram-renderer.test.js:88:22)
    at Promise.then.completed (C:\Users\user\Documents\Projects\CyberCore\node_modules\jest-circus\build\utils.js:298:28)
    at new Promise (&lt;anonymous&gt;)
    at callAsyncCircusFn (C:\Users\user\Documents\Projects\CyberCore\node_modules\jest-circus\build\utils.js:231:10)
    at _callCircusTest (C:\Users\user\Documents\Projects\CyberCore\node_modules\jest-circus\build\run.js:316:40)
    at processTicksAndRejections (node:internal/process/task_queues:95:5)
    at _runTest (C:\Users\user\Documents\Projects\CyberCore\node_modules\jest-circus\build\run.js:252:3)
    at _runTestsForDescribeBlock (C:\Users\user\Documents\Projects\CyberCore\node_modules\jest-circus\build\run.js:126:9)
    at _runTestsForDescribeBlock (C:\Users\user\Documents\Projects\CyberCore\node_modules\jest-circus\build\run.js:121:9)
    at run (C:\Users\user\Documents\Projects\CyberCore\node_modules\jest-circus\build\run.js:71:3)
    at runAndTransformResultsToJestFormat (C:\Users\user\Documents\Projects\CyberCore\node_modules\jest-circus\build\legacy-code-todo-rewrite\jestAdapterInit.js:122:21)
    at jestAdapter (C:\Users\user\Documents\Projects\CyberCore\node_modules\jest-circus\build\legacy-code-todo-rewrite\jestAdapter.js:79:19)
    at runTestInternal (C:\Users\user\Documents\Projects\CyberCore\node_modules\jest-runner\build\runTest.js:367:16)
    at runTest (C:\Users\user\Documents\Projects\CyberCore\node_modules\jest-runner\build\runTest.js:444:34)
    at Object.worker (C:\Users\user\Documents\Projects\CyberCore\node_modules\jest-runner\build\testWorker.js:106:12)</failure>
    </testcase>
    <testcase classname="HologramRenderer should apply quantum effects" name="HologramRenderer should apply quantum effects" time="0.008">
      <failure>TypeError: this.camera.position.set is not a function
    at Function.set [as _initWebGL] (C:\Users\user\Documents\Projects\CyberCore\assets\hologram-renderer.js:310:26)
    at Function._initWebGL (C:\Users\user\Documents\Projects\CyberCore\assets\hologram-renderer.js:70:10)
    at Object.initialize (C:\Users\user\Documents\Projects\CyberCore\tests\unit\hologram-renderer.test.js:106:22)
    at Promise.then.completed (C:\Users\user\Documents\Projects\CyberCore\node_modules\jest-circus\build\utils.js:298:28)
    at new Promise (&lt;anonymous&gt;)
    at callAsyncCircusFn (C:\Users\user\Documents\Projects\CyberCore\node_modules\jest-circus\build\utils.js:231:10)
    at _callCircusTest (C:\Users\user\Documents\Projects\CyberCore\node_modules\jest-circus\build\run.js:316:40)
    at processTicksAndRejections (node:internal/process/task_queues:95:5)
    at _runTest (C:\Users\user\Documents\Projects\CyberCore\node_modules\jest-circus\build\run.js:252:3)
    at _runTestsForDescribeBlock (C:\Users\user\Documents\Projects\CyberCore\node_modules\jest-circus\build\run.js:126:9)
    at _runTestsForDescribeBlock (C:\Users\user\Documents\Projects\CyberCore\node_modules\jest-circus\build\run.js:121:9)
    at run (C:\Users\user\Documents\Projects\CyberCore\node_modules\jest-circus\build\run.js:71:3)
    at runAndTransformResultsToJestFormat (C:\Users\user\Documents\Projects\CyberCore\node_modules\jest-circus\build\legacy-code-todo-rewrite\jestAdapterInit.js:122:21)
    at jestAdapter (C:\Users\user\Documents\Projects\CyberCore\node_modules\jest-circus\build\legacy-code-todo-rewrite\jestAdapter.js:79:19)
    at runTestInternal (C:\Users\user\Documents\Projects\CyberCore\node_modules\jest-runner\build\runTest.js:367:16)
    at runTest (C:\Users\user\Documents\Projects\CyberCore\node_modules\jest-runner\build\runTest.js:444:34)
    at Object.worker (C:\Users\user\Documents\Projects\CyberCore\node_modules\jest-runner\build\testWorker.js:106:12)</failure>
    </testcase>
    <testcase classname="HologramRenderer should apply glitch effect" name="HologramRenderer should apply glitch effect" time="0.021">
      <failure>TypeError: this.camera.position.set is not a function
    at Function.set [as _initWebGL] (C:\Users\user\Documents\Projects\CyberCore\assets\hologram-renderer.js:310:26)
    at Function._initWebGL (C:\Users\user\Documents\Projects\CyberCore\assets\hologram-renderer.js:70:10)
    at Object.initialize (C:\Users\user\Documents\Projects\CyberCore\tests\unit\hologram-renderer.test.js:132:22)
    at Promise.then.completed (C:\Users\user\Documents\Projects\CyberCore\node_modules\jest-circus\build\utils.js:298:28)
    at new Promise (&lt;anonymous&gt;)
    at callAsyncCircusFn (C:\Users\user\Documents\Projects\CyberCore\node_modules\jest-circus\build\utils.js:231:10)
    at _callCircusTest (C:\Users\user\Documents\Projects\CyberCore\node_modules\jest-circus\build\run.js:316:40)
    at processTicksAndRejections (node:internal/process/task_queues:95:5)
    at _runTest (C:\Users\user\Documents\Projects\CyberCore\node_modules\jest-circus\build\run.js:252:3)
    at _runTestsForDescribeBlock (C:\Users\user\Documents\Projects\CyberCore\node_modules\jest-circus\build\run.js:126:9)
    at _runTestsForDescribeBlock (C:\Users\user\Documents\Projects\CyberCore\node_modules\jest-circus\build\run.js:121:9)
    at run (C:\Users\user\Documents\Projects\CyberCore\node_modules\jest-circus\build\run.js:71:3)
    at runAndTransformResultsToJestFormat (C:\Users\user\Documents\Projects\CyberCore\node_modules\jest-circus\build\legacy-code-todo-rewrite\jestAdapterInit.js:122:21)
    at jestAdapter (C:\Users\user\Documents\Projects\CyberCore\node_modules\jest-circus\build\legacy-code-todo-rewrite\jestAdapter.js:79:19)
    at runTestInternal (C:\Users\user\Documents\Projects\CyberCore\node_modules\jest-runner\build\runTest.js:367:16)
    at runTest (C:\Users\user\Documents\Projects\CyberCore\node_modules\jest-runner\build\runTest.js:444:34)
    at Object.worker (C:\Users\user\Documents\Projects\CyberCore\node_modules\jest-runner\build\testWorker.js:106:12)</failure>
    </testcase>
    <testcase classname="HologramRenderer should update size of renderer" name="HologramRenderer should update size of renderer" time="0.012">
      <failure>TypeError: this.camera.position.set is not a function
    at Function.set [as _initWebGL] (C:\Users\user\Documents\Projects\CyberCore\assets\hologram-renderer.js:310:26)
    at Function._initWebGL (C:\Users\user\Documents\Projects\CyberCore\assets\hologram-renderer.js:70:10)
    at Object.initialize (C:\Users\user\Documents\Projects\CyberCore\tests\unit\hologram-renderer.test.js:153:22)
    at Promise.then.completed (C:\Users\user\Documents\Projects\CyberCore\node_modules\jest-circus\build\utils.js:298:28)
    at new Promise (&lt;anonymous&gt;)
    at callAsyncCircusFn (C:\Users\user\Documents\Projects\CyberCore\node_modules\jest-circus\build\utils.js:231:10)
    at _callCircusTest (C:\Users\user\Documents\Projects\CyberCore\node_modules\jest-circus\build\run.js:316:40)
    at processTicksAndRejections (node:internal/process/task_queues:95:5)
    at _runTest (C:\Users\user\Documents\Projects\CyberCore\node_modules\jest-circus\build\run.js:252:3)
    at _runTestsForDescribeBlock (C:\Users\user\Documents\Projects\CyberCore\node_modules\jest-circus\build\run.js:126:9)
    at _runTestsForDescribeBlock (C:\Users\user\Documents\Projects\CyberCore\node_modules\jest-circus\build\run.js:121:9)
    at run (C:\Users\user\Documents\Projects\CyberCore\node_modules\jest-circus\build\run.js:71:3)
    at runAndTransformResultsToJestFormat (C:\Users\user\Documents\Projects\CyberCore\node_modules\jest-circus\build\legacy-code-todo-rewrite\jestAdapterInit.js:122:21)
    at jestAdapter (C:\Users\user\Documents\Projects\CyberCore\node_modules\jest-circus\build\legacy-code-todo-rewrite\jestAdapter.js:79:19)
    at runTestInternal (C:\Users\user\Documents\Projects\CyberCore\node_modules\jest-runner\build\runTest.js:367:16)
    at runTest (C:\Users\user\Documents\Projects\CyberCore\node_modules\jest-runner\build\runTest.js:444:34)
    at Object.worker (C:\Users\user\Documents\Projects\CyberCore\node_modules\jest-runner\build\testWorker.js:106:12)</failure>
    </testcase>
    <testcase classname="HologramRenderer should clean up resources when disposed" name="HologramRenderer should clean up resources when disposed" time="0.004">
      <failure>TypeError: this.camera.position.set is not a function
    at Function.set [as _initWebGL] (C:\Users\user\Documents\Projects\CyberCore\assets\hologram-renderer.js:310:26)
    at Function._initWebGL (C:\Users\user\Documents\Projects\CyberCore\assets\hologram-renderer.js:70:10)
    at Object.initialize (C:\Users\user\Documents\Projects\CyberCore\tests\unit\hologram-renderer.test.js:167:22)
    at Promise.then.completed (C:\Users\user\Documents\Projects\CyberCore\node_modules\jest-circus\build\utils.js:298:28)
    at new Promise (&lt;anonymous&gt;)
    at callAsyncCircusFn (C:\Users\user\Documents\Projects\CyberCore\node_modules\jest-circus\build\utils.js:231:10)
    at _callCircusTest (C:\Users\user\Documents\Projects\CyberCore\node_modules\jest-circus\build\run.js:316:40)
    at processTicksAndRejections (node:internal/process/task_queues:95:5)
    at _runTest (C:\Users\user\Documents\Projects\CyberCore\node_modules\jest-circus\build\run.js:252:3)
    at _runTestsForDescribeBlock (C:\Users\user\Documents\Projects\CyberCore\node_modules\jest-circus\build\run.js:126:9)
    at _runTestsForDescribeBlock (C:\Users\user\Documents\Projects\CyberCore\node_modules\jest-circus\build\run.js:121:9)
    at run (C:\Users\user\Documents\Projects\CyberCore\node_modules\jest-circus\build\run.js:71:3)
    at runAndTransformResultsToJestFormat (C:\Users\user\Documents\Projects\CyberCore\node_modules\jest-circus\build\legacy-code-todo-rewrite\jestAdapterInit.js:122:21)
    at jestAdapter (C:\Users\user\Documents\Projects\CyberCore\node_modules\jest-circus\build\legacy-code-todo-rewrite\jestAdapter.js:79:19)
    at runTestInternal (C:\Users\user\Documents\Projects\CyberCore\node_modules\jest-runner\build\runTest.js:367:16)
    at runTest (C:\Users\user\Documents\Projects\CyberCore\node_modules\jest-runner\build\runTest.js:444:34)
    at Object.worker (C:\Users\user\Documents\Projects\CyberCore\node_modules\jest-runner\build\testWorker.js:106:12)</failure>
    </testcase>
  </testsuite>
  <testsuite name="Hologram Component" errors="0" failures="5" skipped="0" timestamp="2025-04-20T14:08:54" time="0.733" tests="5">
    <testcase classname="Hologram Component Initialization should initialize with default settings" name="Hologram Component Initialization should initialize with default settings" time="0">
      <failure>TypeError: HologramComponent is not a constructor
    at Object.&lt;anonymous&gt; (C:\Users\user\Documents\Projects\CyberCore\tests\unit\hologram-component.test.js:8:24)
    at Promise.then.completed (C:\Users\user\Documents\Projects\CyberCore\node_modules\jest-circus\build\utils.js:298:28)
    at new Promise (&lt;anonymous&gt;)
    at callAsyncCircusFn (C:\Users\user\Documents\Projects\CyberCore\node_modules\jest-circus\build\utils.js:231:10)
    at _callCircusTest (C:\Users\user\Documents\Projects\CyberCore\node_modules\jest-circus\build\run.js:316:40)
    at processTicksAndRejections (node:internal/process/task_queues:95:5)
    at _runTest (C:\Users\user\Documents\Projects\CyberCore\node_modules\jest-circus\build\run.js:252:3)
    at _runTestsForDescribeBlock (C:\Users\user\Documents\Projects\CyberCore\node_modules\jest-circus\build\run.js:126:9)
    at _runTestsForDescribeBlock (C:\Users\user\Documents\Projects\CyberCore\node_modules\jest-circus\build\run.js:121:9)
    at _runTestsForDescribeBlock (C:\Users\user\Documents\Projects\CyberCore\node_modules\jest-circus\build\run.js:121:9)
    at run (C:\Users\user\Documents\Projects\CyberCore\node_modules\jest-circus\build\run.js:71:3)
    at runAndTransformResultsToJestFormat (C:\Users\user\Documents\Projects\CyberCore\node_modules\jest-circus\build\legacy-code-todo-rewrite\jestAdapterInit.js:122:21)
    at jestAdapter (C:\Users\user\Documents\Projects\CyberCore\node_modules\jest-circus\build\legacy-code-todo-rewrite\jestAdapter.js:79:19)
    at runTestInternal (C:\Users\user\Documents\Projects\CyberCore\node_modules\jest-runner\build\runTest.js:367:16)
    at runTest (C:\Users\user\Documents\Projects\CyberCore\node_modules\jest-runner\build\runTest.js:444:34)
    at Object.worker (C:\Users\user\Documents\Projects\CyberCore\node_modules\jest-runner\build\testWorker.js:106:12)</failure>
    </testcase>
    <testcase classname="Hologram Component Initialization should accept custom configuration options" name="Hologram Component Initialization should accept custom configuration options" time="0.001">
      <failure>TypeError: HologramComponent is not a constructor
    at Object.&lt;anonymous&gt; (C:\Users\user\Documents\Projects\CyberCore\tests\unit\hologram-component.test.js:23:24)
    at Promise.then.completed (C:\Users\user\Documents\Projects\CyberCore\node_modules\jest-circus\build\utils.js:298:28)
    at new Promise (&lt;anonymous&gt;)
    at callAsyncCircusFn (C:\Users\user\Documents\Projects\CyberCore\node_modules\jest-circus\build\utils.js:231:10)
    at _callCircusTest (C:\Users\user\Documents\Projects\CyberCore\node_modules\jest-circus\build\run.js:316:40)
    at processTicksAndRejections (node:internal/process/task_queues:95:5)
    at _runTest (C:\Users\user\Documents\Projects\CyberCore\node_modules\jest-circus\build\run.js:252:3)
    at _runTestsForDescribeBlock (C:\Users\user\Documents\Projects\CyberCore\node_modules\jest-circus\build\run.js:126:9)
    at _runTestsForDescribeBlock (C:\Users\user\Documents\Projects\CyberCore\node_modules\jest-circus\build\run.js:121:9)
    at _runTestsForDescribeBlock (C:\Users\user\Documents\Projects\CyberCore\node_modules\jest-circus\build\run.js:121:9)
    at run (C:\Users\user\Documents\Projects\CyberCore\node_modules\jest-circus\build\run.js:71:3)
    at runAndTransformResultsToJestFormat (C:\Users\user\Documents\Projects\CyberCore\node_modules\jest-circus\build\legacy-code-todo-rewrite\jestAdapterInit.js:122:21)
    at jestAdapter (C:\Users\user\Documents\Projects\CyberCore\node_modules\jest-circus\build\legacy-code-todo-rewrite\jestAdapter.js:79:19)
    at runTestInternal (C:\Users\user\Documents\Projects\CyberCore\node_modules\jest-runner\build\runTest.js:367:16)
    at runTest (C:\Users\user\Documents\Projects\CyberCore\node_modules\jest-runner\build\runTest.js:444:34)
    at Object.worker (C:\Users\user\Documents\Projects\CyberCore\node_modules\jest-runner\build\testWorker.js:106:12)</failure>
    </testcase>
    <testcase classname="Hologram Component Rendering should render hologram elements" name="Hologram Component Rendering should render hologram elements" time="0.001">
      <failure>TypeError: HologramComponent is not a constructor
    at Object.&lt;anonymous&gt; (C:\Users\user\Documents\Projects\CyberCore\tests\unit\hologram-component.test.js:33:24)
    at Promise.then.completed (C:\Users\user\Documents\Projects\CyberCore\node_modules\jest-circus\build\utils.js:298:28)
    at new Promise (&lt;anonymous&gt;)
    at callAsyncCircusFn (C:\Users\user\Documents\Projects\CyberCore\node_modules\jest-circus\build\utils.js:231:10)
    at _callCircusTest (C:\Users\user\Documents\Projects\CyberCore\node_modules\jest-circus\build\run.js:316:40)
    at processTicksAndRejections (node:internal/process/task_queues:95:5)
    at _runTest (C:\Users\user\Documents\Projects\CyberCore\node_modules\jest-circus\build\run.js:252:3)
    at _runTestsForDescribeBlock (C:\Users\user\Documents\Projects\CyberCore\node_modules\jest-circus\build\run.js:126:9)
    at _runTestsForDescribeBlock (C:\Users\user\Documents\Projects\CyberCore\node_modules\jest-circus\build\run.js:121:9)
    at _runTestsForDescribeBlock (C:\Users\user\Documents\Projects\CyberCore\node_modules\jest-circus\build\run.js:121:9)
    at run (C:\Users\user\Documents\Projects\CyberCore\node_modules\jest-circus\build\run.js:71:3)
    at runAndTransformResultsToJestFormat (C:\Users\user\Documents\Projects\CyberCore\node_modules\jest-circus\build\legacy-code-todo-rewrite\jestAdapterInit.js:122:21)
    at jestAdapter (C:\Users\user\Documents\Projects\CyberCore\node_modules\jest-circus\build\legacy-code-todo-rewrite\jestAdapter.js:79:19)
    at runTestInternal (C:\Users\user\Documents\Projects\CyberCore\node_modules\jest-runner\build\runTest.js:367:16)
    at runTest (C:\Users\user\Documents\Projects\CyberCore\node_modules\jest-runner\build\runTest.js:444:34)
    at Object.worker (C:\Users\user\Documents\Projects\CyberCore\node_modules\jest-runner\build\testWorker.js:106:12)</failure>
    </testcase>
    <testcase classname="Hologram Component Rendering should apply quantum effects when in quantum mode" name="Hologram Component Rendering should apply quantum effects when in quantum mode" time="0.001">
      <failure>TypeError: HologramComponent is not a constructor
    at Object.&lt;anonymous&gt; (C:\Users\user\Documents\Projects\CyberCore\tests\unit\hologram-component.test.js:44:24)
    at Promise.then.completed (C:\Users\user\Documents\Projects\CyberCore\node_modules\jest-circus\build\utils.js:298:28)
    at new Promise (&lt;anonymous&gt;)
    at callAsyncCircusFn (C:\Users\user\Documents\Projects\CyberCore\node_modules\jest-circus\build\utils.js:231:10)
    at _callCircusTest (C:\Users\user\Documents\Projects\CyberCore\node_modules\jest-circus\build\run.js:316:40)
    at processTicksAndRejections (node:internal/process/task_queues:95:5)
    at _runTest (C:\Users\user\Documents\Projects\CyberCore\node_modules\jest-circus\build\run.js:252:3)
    at _runTestsForDescribeBlock (C:\Users\user\Documents\Projects\CyberCore\node_modules\jest-circus\build\run.js:126:9)
    at _runTestsForDescribeBlock (C:\Users\user\Documents\Projects\CyberCore\node_modules\jest-circus\build\run.js:121:9)
    at _runTestsForDescribeBlock (C:\Users\user\Documents\Projects\CyberCore\node_modules\jest-circus\build\run.js:121:9)
    at run (C:\Users\user\Documents\Projects\CyberCore\node_modules\jest-circus\build\run.js:71:3)
    at runAndTransformResultsToJestFormat (C:\Users\user\Documents\Projects\CyberCore\node_modules\jest-circus\build\legacy-code-todo-rewrite\jestAdapterInit.js:122:21)
    at jestAdapter (C:\Users\user\Documents\Projects\CyberCore\node_modules\jest-circus\build\legacy-code-todo-rewrite\jestAdapter.js:79:19)
    at runTestInternal (C:\Users\user\Documents\Projects\CyberCore\node_modules\jest-runner\build\runTest.js:367:16)
    at runTest (C:\Users\user\Documents\Projects\CyberCore\node_modules\jest-runner\build\runTest.js:444:34)
    at Object.worker (C:\Users\user\Documents\Projects\CyberCore\node_modules\jest-runner\build\testWorker.js:106:12)</failure>
    </testcase>
    <testcase classname="Hologram Component Event Handling should trigger onInteraction callback when interacted with" name="Hologram Component Event Handling should trigger onInteraction callback when interacted with" time="0.001">
      <failure>TypeError: HologramComponent is not a constructor
    at Object.&lt;anonymous&gt; (C:\Users\user\Documents\Projects\CyberCore\tests\unit\hologram-component.test.js:56:24)
    at Promise.then.completed (C:\Users\user\Documents\Projects\CyberCore\node_modules\jest-circus\build\utils.js:298:28)
    at new Promise (&lt;anonymous&gt;)
    at callAsyncCircusFn (C:\Users\user\Documents\Projects\CyberCore\node_modules\jest-circus\build\utils.js:231:10)
    at _callCircusTest (C:\Users\user\Documents\Projects\CyberCore\node_modules\jest-circus\build\run.js:316:40)
    at processTicksAndRejections (node:internal/process/task_queues:95:5)
    at _runTest (C:\Users\user\Documents\Projects\CyberCore\node_modules\jest-circus\build\run.js:252:3)
    at _runTestsForDescribeBlock (C:\Users\user\Documents\Projects\CyberCore\node_modules\jest-circus\build\run.js:126:9)
    at _runTestsForDescribeBlock (C:\Users\user\Documents\Projects\CyberCore\node_modules\jest-circus\build\run.js:121:9)
    at _runTestsForDescribeBlock (C:\Users\user\Documents\Projects\CyberCore\node_modules\jest-circus\build\run.js:121:9)
    at run (C:\Users\user\Documents\Projects\CyberCore\node_modules\jest-circus\build\run.js:71:3)
    at runAndTransformResultsToJestFormat (C:\Users\user\Documents\Projects\CyberCore\node_modules\jest-circus\build\legacy-code-todo-rewrite\jestAdapterInit.js:122:21)
    at jestAdapter (C:\Users\user\Documents\Projects\CyberCore\node_modules\jest-circus\build\legacy-code-todo-rewrite\jestAdapter.js:79:19)
    at runTestInternal (C:\Users\user\Documents\Projects\CyberCore\node_modules\jest-runner\build\runTest.js:367:16)
    at runTest (C:\Users\user\Documents\Projects\CyberCore\node_modules\jest-runner\build\runTest.js:444:34)
    at Object.worker (C:\Users\user\Documents\Projects\CyberCore\node_modules\jest-runner\build\testWorker.js:106:12)</failure>
    </testcase>
  </testsuite>
  <testsuite name="Quantum Visualizer" errors="0" failures="12" skipped="0" timestamp="2025-04-20T14:08:50" time="5.508" tests="13">
    <testcase classname="Quantum Visualizer Initialization should initialize with correct defaults" name="Quantum Visualizer Initialization should initialize with correct defaults" time="0.018">
      <failure>Error: expect(received).toBe(expected) // Object.is equality

Expected: &quot;3d&quot;
Received: undefined
    at Object.toBe (C:\Users\user\Documents\Projects\CyberCore\tests\unit\quantum-visualizer.test.js:11:37)
    at Promise.then.completed (C:\Users\user\Documents\Projects\CyberCore\node_modules\jest-circus\build\utils.js:298:28)
    at new Promise (&lt;anonymous&gt;)
    at callAsyncCircusFn (C:\Users\user\Documents\Projects\CyberCore\node_modules\jest-circus\build\utils.js:231:10)
    at _callCircusTest (C:\Users\user\Documents\Projects\CyberCore\node_modules\jest-circus\build\run.js:316:40)
    at processTicksAndRejections (node:internal/process/task_queues:95:5)
    at _runTest (C:\Users\user\Documents\Projects\CyberCore\node_modules\jest-circus\build\run.js:252:3)
    at _runTestsForDescribeBlock (C:\Users\user\Documents\Projects\CyberCore\node_modules\jest-circus\build\run.js:126:9)
    at _runTestsForDescribeBlock (C:\Users\user\Documents\Projects\CyberCore\node_modules\jest-circus\build\run.js:121:9)
    at _runTestsForDescribeBlock (C:\Users\user\Documents\Projects\CyberCore\node_modules\jest-circus\build\run.js:121:9)
    at run (C:\Users\user\Documents\Projects\CyberCore\node_modules\jest-circus\build\run.js:71:3)
    at runAndTransformResultsToJestFormat (C:\Users\user\Documents\Projects\CyberCore\node_modules\jest-circus\build\legacy-code-todo-rewrite\jestAdapterInit.js:122:21)
    at jestAdapter (C:\Users\user\Documents\Projects\CyberCore\node_modules\jest-circus\build\legacy-code-todo-rewrite\jestAdapter.js:79:19)
    at runTestInternal (C:\Users\user\Documents\Projects\CyberCore\node_modules\jest-runner\build\runTest.js:367:16)
    at runTest (C:\Users\user\Documents\Projects\CyberCore\node_modules\jest-runner\build\runTest.js:444:34)
    at Object.worker (C:\Users\user\Documents\Projects\CyberCore\node_modules\jest-runner\build\testWorker.js:106:12)</failure>
    </testcase>
    <testcase classname="Quantum Visualizer Initialization should accept custom configuration" name="Quantum Visualizer Initialization should accept custom configuration" time="0.002">
      <failure>Error: expect(received).toBe(expected) // Object.is equality

Expected: &quot;4d&quot;
Received: undefined
    at Object.toBe (C:\Users\user\Documents\Projects\CyberCore\tests\unit\quantum-visualizer.test.js:25:37)
    at Promise.then.completed (C:\Users\user\Documents\Projects\CyberCore\node_modules\jest-circus\build\utils.js:298:28)
    at new Promise (&lt;anonymous&gt;)
    at callAsyncCircusFn (C:\Users\user\Documents\Projects\CyberCore\node_modules\jest-circus\build\utils.js:231:10)
    at _callCircusTest (C:\Users\user\Documents\Projects\CyberCore\node_modules\jest-circus\build\run.js:316:40)
    at processTicksAndRejections (node:internal/process/task_queues:95:5)
    at _runTest (C:\Users\user\Documents\Projects\CyberCore\node_modules\jest-circus\build\run.js:252:3)
    at _runTestsForDescribeBlock (C:\Users\user\Documents\Projects\CyberCore\node_modules\jest-circus\build\run.js:126:9)
    at _runTestsForDescribeBlock (C:\Users\user\Documents\Projects\CyberCore\node_modules\jest-circus\build\run.js:121:9)
    at _runTestsForDescribeBlock (C:\Users\user\Documents\Projects\CyberCore\node_modules\jest-circus\build\run.js:121:9)
    at run (C:\Users\user\Documents\Projects\CyberCore\node_modules\jest-circus\build\run.js:71:3)
    at runAndTransformResultsToJestFormat (C:\Users\user\Documents\Projects\CyberCore\node_modules\jest-circus\build\legacy-code-todo-rewrite\jestAdapterInit.js:122:21)
    at jestAdapter (C:\Users\user\Documents\Projects\CyberCore\node_modules\jest-circus\build\legacy-code-todo-rewrite\jestAdapter.js:79:19)
    at runTestInternal (C:\Users\user\Documents\Projects\CyberCore\node_modules\jest-runner\build\runTest.js:367:16)
    at runTest (C:\Users\user\Documents\Projects\CyberCore\node_modules\jest-runner\build\runTest.js:444:34)
    at Object.worker (C:\Users\user\Documents\Projects\CyberCore\node_modules\jest-runner\build\testWorker.js:106:12)</failure>
    </testcase>
    <testcase classname="Quantum Visualizer Visualization Methods should correctly visualize quantum data" name="Quantum Visualizer Visualization Methods should correctly visualize quantum data" time="0.003">
      <failure>Error: expect(jest.fn()).toHaveBeenCalled()

Expected number of calls: &gt;= 1
Received number of calls:    0
    at Object.toHaveBeenCalled (C:\Users\user\Documents\Projects\CyberCore\tests\unit\quantum-visualizer.test.js:52:25)
    at Promise.then.completed (C:\Users\user\Documents\Projects\CyberCore\node_modules\jest-circus\build\utils.js:298:28)
    at new Promise (&lt;anonymous&gt;)
    at callAsyncCircusFn (C:\Users\user\Documents\Projects\CyberCore\node_modules\jest-circus\build\utils.js:231:10)
    at _callCircusTest (C:\Users\user\Documents\Projects\CyberCore\node_modules\jest-circus\build\run.js:316:40)
    at processTicksAndRejections (node:internal/process/task_queues:95:5)
    at _runTest (C:\Users\user\Documents\Projects\CyberCore\node_modules\jest-circus\build\run.js:252:3)
    at _runTestsForDescribeBlock (C:\Users\user\Documents\Projects\CyberCore\node_modules\jest-circus\build\run.js:126:9)
    at _runTestsForDescribeBlock (C:\Users\user\Documents\Projects\CyberCore\node_modules\jest-circus\build\run.js:121:9)
    at _runTestsForDescribeBlock (C:\Users\user\Documents\Projects\CyberCore\node_modules\jest-circus\build\run.js:121:9)
    at run (C:\Users\user\Documents\Projects\CyberCore\node_modules\jest-circus\build\run.js:71:3)
    at runAndTransformResultsToJestFormat (C:\Users\user\Documents\Projects\CyberCore\node_modules\jest-circus\build\legacy-code-todo-rewrite\jestAdapterInit.js:122:21)
    at jestAdapter (C:\Users\user\Documents\Projects\CyberCore\node_modules\jest-circus\build\legacy-code-todo-rewrite\jestAdapter.js:79:19)
    at runTestInternal (C:\Users\user\Documents\Projects\CyberCore\node_modules\jest-runner\build\runTest.js:367:16)
    at runTest (C:\Users\user\Documents\Projects\CyberCore\node_modules\jest-runner\build\runTest.js:444:34)
    at Object.worker (C:\Users\user\Documents\Projects\CyberCore\node_modules\jest-runner\build\testWorker.js:106:12)</failure>
    </testcase>
    <testcase classname="Quantum Visualizer Visualization Methods should apply fractal patterns when fractalMode is enabled" name="Quantum Visualizer Visualization Methods should apply fractal patterns when fractalMode is enabled" time="0.003">
      <failure>Error: expect(jest.fn()).toHaveBeenCalled()

Expected number of calls: &gt;= 1
Received number of calls:    0
    at Object.toHaveBeenCalled (C:\Users\user\Documents\Projects\CyberCore\tests\unit\quantum-visualizer.test.js:62:39)
    at Promise.then.completed (C:\Users\user\Documents\Projects\CyberCore\node_modules\jest-circus\build\utils.js:298:28)
    at new Promise (&lt;anonymous&gt;)
    at callAsyncCircusFn (C:\Users\user\Documents\Projects\CyberCore\node_modules\jest-circus\build\utils.js:231:10)
    at _callCircusTest (C:\Users\user\Documents\Projects\CyberCore\node_modules\jest-circus\build\run.js:316:40)
    at processTicksAndRejections (node:internal/process/task_queues:95:5)
    at _runTest (C:\Users\user\Documents\Projects\CyberCore\node_modules\jest-circus\build\run.js:252:3)
    at _runTestsForDescribeBlock (C:\Users\user\Documents\Projects\CyberCore\node_modules\jest-circus\build\run.js:126:9)
    at _runTestsForDescribeBlock (C:\Users\user\Documents\Projects\CyberCore\node_modules\jest-circus\build\run.js:121:9)
    at _runTestsForDescribeBlock (C:\Users\user\Documents\Projects\CyberCore\node_modules\jest-circus\build\run.js:121:9)
    at run (C:\Users\user\Documents\Projects\CyberCore\node_modules\jest-circus\build\run.js:71:3)
    at runAndTransformResultsToJestFormat (C:\Users\user\Documents\Projects\CyberCore\node_modules\jest-circus\build\legacy-code-todo-rewrite\jestAdapterInit.js:122:21)
    at jestAdapter (C:\Users\user\Documents\Projects\CyberCore\node_modules\jest-circus\build\legacy-code-todo-rewrite\jestAdapter.js:79:19)
    at runTestInternal (C:\Users\user\Documents\Projects\CyberCore\node_modules\jest-runner\build\runTest.js:367:16)
    at runTest (C:\Users\user\Documents\Projects\CyberCore\node_modules\jest-runner\build\runTest.js:444:34)
    at Object.worker (C:\Users\user\Documents\Projects\CyberCore\node_modules\jest-runner\build\testWorker.js:106:12)</failure>
    </testcase>
    <testcase classname="Quantum Visualizer Event Handling should handle data updates correctly" name="Quantum Visualizer Event Handling should handle data updates correctly" time="0.005">
      <failure>Error: expect(jest.fn()).toHaveBeenCalledWith(...expected)

Expected: [{&quot;id&quot;: &quot;q3&quot;, &quot;probability&quot;: 1, &quot;state&quot;: &quot;collapsed&quot;}]

Number of calls: 0
    at Object.toHaveBeenCalledWith (C:\Users\user\Documents\Projects\CyberCore\tests\unit\quantum-visualizer.test.js:83:25)
    at Promise.then.completed (C:\Users\user\Documents\Projects\CyberCore\node_modules\jest-circus\build\utils.js:298:28)
    at new Promise (&lt;anonymous&gt;)
    at callAsyncCircusFn (C:\Users\user\Documents\Projects\CyberCore\node_modules\jest-circus\build\utils.js:231:10)
    at _callCircusTest (C:\Users\user\Documents\Projects\CyberCore\node_modules\jest-circus\build\run.js:316:40)
    at processTicksAndRejections (node:internal/process/task_queues:95:5)
    at _runTest (C:\Users\user\Documents\Projects\CyberCore\node_modules\jest-circus\build\run.js:252:3)
    at _runTestsForDescribeBlock (C:\Users\user\Documents\Projects\CyberCore\node_modules\jest-circus\build\run.js:126:9)
    at _runTestsForDescribeBlock (C:\Users\user\Documents\Projects\CyberCore\node_modules\jest-circus\build\run.js:121:9)
    at _runTestsForDescribeBlock (C:\Users\user\Documents\Projects\CyberCore\node_modules\jest-circus\build\run.js:121:9)
    at run (C:\Users\user\Documents\Projects\CyberCore\node_modules\jest-circus\build\run.js:71:3)
    at runAndTransformResultsToJestFormat (C:\Users\user\Documents\Projects\CyberCore\node_modules\jest-circus\build\legacy-code-todo-rewrite\jestAdapterInit.js:122:21)
    at jestAdapter (C:\Users\user\Documents\Projects\CyberCore\node_modules\jest-circus\build\legacy-code-todo-rewrite\jestAdapter.js:79:19)
    at runTestInternal (C:\Users\user\Documents\Projects\CyberCore\node_modules\jest-runner\build\runTest.js:367:16)
    at runTest (C:\Users\user\Documents\Projects\CyberCore\node_modules\jest-runner\build\runTest.js:444:34)
    at Object.worker (C:\Users\user\Documents\Projects\CyberCore\node_modules\jest-runner\build\testWorker.js:106:12)</failure>
    </testcase>
    <testcase classname="Quantum Visualizer Event Handling should trigger onStateChange callback when state changes" name="Quantum Visualizer Event Handling should trigger onStateChange callback when state changes" time="0.003">
      <failure>Error: expect(jest.fn()).toHaveBeenCalledWith(...expected)

Expected: [{&quot;id&quot;: &quot;q1&quot;, &quot;state&quot;: &quot;collapsed&quot;}]

Number of calls: 0
    at Object.toHaveBeenCalledWith (C:\Users\user\Documents\Projects\CyberCore\tests\unit\quantum-visualizer.test.js:96:35)
    at Promise.then.completed (C:\Users\user\Documents\Projects\CyberCore\node_modules\jest-circus\build\utils.js:298:28)
    at new Promise (&lt;anonymous&gt;)
    at callAsyncCircusFn (C:\Users\user\Documents\Projects\CyberCore\node_modules\jest-circus\build\utils.js:231:10)
    at _callCircusTest (C:\Users\user\Documents\Projects\CyberCore\node_modules\jest-circus\build\run.js:316:40)
    at processTicksAndRejections (node:internal/process/task_queues:95:5)
    at _runTest (C:\Users\user\Documents\Projects\CyberCore\node_modules\jest-circus\build\run.js:252:3)
    at _runTestsForDescribeBlock (C:\Users\user\Documents\Projects\CyberCore\node_modules\jest-circus\build\run.js:126:9)
    at _runTestsForDescribeBlock (C:\Users\user\Documents\Projects\CyberCore\node_modules\jest-circus\build\run.js:121:9)
    at _runTestsForDescribeBlock (C:\Users\user\Documents\Projects\CyberCore\node_modules\jest-circus\build\run.js:121:9)
    at run (C:\Users\user\Documents\Projects\CyberCore\node_modules\jest-circus\build\run.js:71:3)
    at runAndTransformResultsToJestFormat (C:\Users\user\Documents\Projects\CyberCore\node_modules\jest-circus\build\legacy-code-todo-rewrite\jestAdapterInit.js:122:21)
    at jestAdapter (C:\Users\user\Documents\Projects\CyberCore\node_modules\jest-circus\build\legacy-code-todo-rewrite\jestAdapter.js:79:19)
    at runTestInternal (C:\Users\user\Documents\Projects\CyberCore\node_modules\jest-runner\build\runTest.js:367:16)
    at runTest (C:\Users\user\Documents\Projects\CyberCore\node_modules\jest-runner\build\runTest.js:444:34)
    at Object.worker (C:\Users\user\Documents\Projects\CyberCore\node_modules\jest-runner\build\testWorker.js:106:12)</failure>
    </testcase>
    <testcase classname="Quantum Visualizer Neural Bus Integration should connect to Neural Bus when neuralSynced is true" name="Quantum Visualizer Neural Bus Integration should connect to Neural Bus when neuralSynced is true" time="0.002">
      <failure>Error: expect(jest.fn()).toHaveBeenCalled()

Expected number of calls: &gt;= 1
Received number of calls:    0
    at Object.toHaveBeenCalled (C:\Users\user\Documents\Projects\CyberCore\tests\unit\quantum-visualizer.test.js:120:31)
    at Promise.then.completed (C:\Users\user\Documents\Projects\CyberCore\node_modules\jest-circus\build\utils.js:298:28)
    at new Promise (&lt;anonymous&gt;)
    at callAsyncCircusFn (C:\Users\user\Documents\Projects\CyberCore\node_modules\jest-circus\build\utils.js:231:10)
    at _callCircusTest (C:\Users\user\Documents\Projects\CyberCore\node_modules\jest-circus\build\run.js:316:40)
    at processTicksAndRejections (node:internal/process/task_queues:95:5)
    at _runTest (C:\Users\user\Documents\Projects\CyberCore\node_modules\jest-circus\build\run.js:252:3)
    at _runTestsForDescribeBlock (C:\Users\user\Documents\Projects\CyberCore\node_modules\jest-circus\build\run.js:126:9)
    at _runTestsForDescribeBlock (C:\Users\user\Documents\Projects\CyberCore\node_modules\jest-circus\build\run.js:121:9)
    at _runTestsForDescribeBlock (C:\Users\user\Documents\Projects\CyberCore\node_modules\jest-circus\build\run.js:121:9)
    at run (C:\Users\user\Documents\Projects\CyberCore\node_modules\jest-circus\build\run.js:71:3)
    at runAndTransformResultsToJestFormat (C:\Users\user\Documents\Projects\CyberCore\node_modules\jest-circus\build\legacy-code-todo-rewrite\jestAdapterInit.js:122:21)
    at jestAdapter (C:\Users\user\Documents\Projects\CyberCore\node_modules\jest-circus\build\legacy-code-todo-rewrite\jestAdapter.js:79:19)
    at runTestInternal (C:\Users\user\Documents\Projects\CyberCore\node_modules\jest-runner\build\runTest.js:367:16)
    at runTest (C:\Users\user\Documents\Projects\CyberCore\node_modules\jest-runner\build\runTest.js:444:34)
    at Object.worker (C:\Users\user\Documents\Projects\CyberCore\node_modules\jest-runner\build\testWorker.js:106:12)</failure>
    </testcase>
    <testcase classname="Quantum Visualizer Neural Bus Integration should handle quantum mutation events from Neural Bus" name="Quantum Visualizer Neural Bus Integration should handle quantum mutation events from Neural Bus" time="0.009">
      <failure>Error: expect(jest.fn()).toHaveBeenCalled()

Expected number of calls: &gt;= 1
Received number of calls:    0
    at Object.toHaveBeenCalled (C:\Users\user\Documents\Projects\CyberCore\tests\unit\quantum-visualizer.test.js:135:27)
    at Promise.then.completed (C:\Users\user\Documents\Projects\CyberCore\node_modules\jest-circus\build\utils.js:298:28)
    at new Promise (&lt;anonymous&gt;)
    at callAsyncCircusFn (C:\Users\user\Documents\Projects\CyberCore\node_modules\jest-circus\build\utils.js:231:10)
    at _callCircusTest (C:\Users\user\Documents\Projects\CyberCore\node_modules\jest-circus\build\run.js:316:40)
    at processTicksAndRejections (node:internal/process/task_queues:95:5)
    at _runTest (C:\Users\user\Documents\Projects\CyberCore\node_modules\jest-circus\build\run.js:252:3)
    at _runTestsForDescribeBlock (C:\Users\user\Documents\Projects\CyberCore\node_modules\jest-circus\build\run.js:126:9)
    at _runTestsForDescribeBlock (C:\Users\user\Documents\Projects\CyberCore\node_modules\jest-circus\build\run.js:121:9)
    at _runTestsForDescribeBlock (C:\Users\user\Documents\Projects\CyberCore\node_modules\jest-circus\build\run.js:121:9)
    at run (C:\Users\user\Documents\Projects\CyberCore\node_modules\jest-circus\build\run.js:71:3)
    at runAndTransformResultsToJestFormat (C:\Users\user\Documents\Projects\CyberCore\node_modules\jest-circus\build\legacy-code-todo-rewrite\jestAdapterInit.js:122:21)
    at jestAdapter (C:\Users\user\Documents\Projects\CyberCore\node_modules\jest-circus\build\legacy-code-todo-rewrite\jestAdapter.js:79:19)
    at runTestInternal (C:\Users\user\Documents\Projects\CyberCore\node_modules\jest-runner\build\runTest.js:367:16)
    at runTest (C:\Users\user\Documents\Projects\CyberCore\node_modules\jest-runner\build\runTest.js:444:34)
    at Object.worker (C:\Users\user\Documents\Projects\CyberCore\node_modules\jest-runner\build\testWorker.js:106:12)</failure>
    </testcase>
    <testcase classname="Quantum Visualizer Neural Bus Integration should properly disconnect from Neural Bus" name="Quantum Visualizer Neural Bus Integration should properly disconnect from Neural Bus" time="0.002">
    </testcase>
    <testcase classname="Quantum Visualizer Neural Bus Integration should handle hologram update events" name="Quantum Visualizer Neural Bus Integration should handle hologram update events" time="0.002">
      <failure>Error: expect(jest.fn()).toHaveBeenCalledWith(...expected)

Expected: [{&quot;id&quot;: &quot;h1&quot;, &quot;probability&quot;: 0.8, &quot;state&quot;: &quot;superposition&quot;}]

Number of calls: 0
    at Object.toHaveBeenCalledWith (C:\Users\user\Documents\Projects\CyberCore\tests\unit\quantum-visualizer.test.js:165:25)
    at Promise.then.completed (C:\Users\user\Documents\Projects\CyberCore\node_modules\jest-circus\build\utils.js:298:28)
    at new Promise (&lt;anonymous&gt;)
    at callAsyncCircusFn (C:\Users\user\Documents\Projects\CyberCore\node_modules\jest-circus\build\utils.js:231:10)
    at _callCircusTest (C:\Users\user\Documents\Projects\CyberCore\node_modules\jest-circus\build\run.js:316:40)
    at processTicksAndRejections (node:internal/process/task_queues:95:5)
    at _runTest (C:\Users\user\Documents\Projects\CyberCore\node_modules\jest-circus\build\run.js:252:3)
    at _runTestsForDescribeBlock (C:\Users\user\Documents\Projects\CyberCore\node_modules\jest-circus\build\run.js:126:9)
    at _runTestsForDescribeBlock (C:\Users\user\Documents\Projects\CyberCore\node_modules\jest-circus\build\run.js:121:9)
    at _runTestsForDescribeBlock (C:\Users\user\Documents\Projects\CyberCore\node_modules\jest-circus\build\run.js:121:9)
    at run (C:\Users\user\Documents\Projects\CyberCore\node_modules\jest-circus\build\run.js:71:3)
    at runAndTransformResultsToJestFormat (C:\Users\user\Documents\Projects\CyberCore\node_modules\jest-circus\build\legacy-code-todo-rewrite\jestAdapterInit.js:122:21)
    at jestAdapter (C:\Users\user\Documents\Projects\CyberCore\node_modules\jest-circus\build\legacy-code-todo-rewrite\jestAdapter.js:79:19)
    at runTestInternal (C:\Users\user\Documents\Projects\CyberCore\node_modules\jest-runner\build\runTest.js:367:16)
    at runTest (C:\Users\user\Documents\Projects\CyberCore\node_modules\jest-runner\build\runTest.js:444:34)
    at Object.worker (C:\Users\user\Documents\Projects\CyberCore\node_modules\jest-runner\build\testWorker.js:106:12)</failure>
    </testcase>
    <testcase classname="Quantum Visualizer Neural Bus Integration should handle cart events" name="Quantum Visualizer Neural Bus Integration should handle cart events" time="0.002">
      <failure>Error: expect(jest.fn()).toHaveBeenCalled()

Expected number of calls: &gt;= 1
Received number of calls:    0
    at Object.toHaveBeenCalled (C:\Users\user\Documents\Projects\CyberCore\tests\unit\quantum-visualizer.test.js:177:25)
    at Promise.then.completed (C:\Users\user\Documents\Projects\CyberCore\node_modules\jest-circus\build\utils.js:298:28)
    at new Promise (&lt;anonymous&gt;)
    at callAsyncCircusFn (C:\Users\user\Documents\Projects\CyberCore\node_modules\jest-circus\build\utils.js:231:10)
    at _callCircusTest (C:\Users\user\Documents\Projects\CyberCore\node_modules\jest-circus\build\run.js:316:40)
    at processTicksAndRejections (node:internal/process/task_queues:95:5)
    at _runTest (C:\Users\user\Documents\Projects\CyberCore\node_modules\jest-circus\build\run.js:252:3)
    at _runTestsForDescribeBlock (C:\Users\user\Documents\Projects\CyberCore\node_modules\jest-circus\build\run.js:126:9)
    at _runTestsForDescribeBlock (C:\Users\user\Documents\Projects\CyberCore\node_modules\jest-circus\build\run.js:121:9)
    at _runTestsForDescribeBlock (C:\Users\user\Documents\Projects\CyberCore\node_modules\jest-circus\build\run.js:121:9)
    at run (C:\Users\user\Documents\Projects\CyberCore\node_modules\jest-circus\build\run.js:71:3)
    at runAndTransformResultsToJestFormat (C:\Users\user\Documents\Projects\CyberCore\node_modules\jest-circus\build\legacy-code-todo-rewrite\jestAdapterInit.js:122:21)
    at jestAdapter (C:\Users\user\Documents\Projects\CyberCore\node_modules\jest-circus\build\legacy-code-todo-rewrite\jestAdapter.js:79:19)
    at runTestInternal (C:\Users\user\Documents\Projects\CyberCore\node_modules\jest-runner\build\runTest.js:367:16)
    at runTest (C:\Users\user\Documents\Projects\CyberCore\node_modules\jest-runner\build\runTest.js:444:34)
    at Object.worker (C:\Users\user\Documents\Projects\CyberCore\node_modules\jest-runner\build\testWorker.js:106:12)</failure>
    </testcase>
    <testcase classname="Quantum Visualizer Hologram Integration should connect to a hologram component" name="Quantum Visualizer Hologram Integration should connect to a hologram component" time="0.002">
      <failure>Error: expect(received).toBe(expected) // Object.is equality

Expected: {&quot;applyFractalPatterns&quot;: [Function applyFractalPatterns], &quot;connectHologram&quot;: [Function connectHologram], &quot;connectToBus&quot;: [Function connectToBus], &quot;disconnectFromNeuralBus&quot;: [Function disconnectFromNeuralBus], &quot;handleCartEvent&quot;: [Function handleCartEvent], &quot;handleHologramUpdate&quot;: [Function handleHologramUpdate], &quot;handleQuantumMutation&quot;: [Function handleQuantumMutation], &quot;render&quot;: [Function render], &quot;update&quot;: [Function update], &quot;updateData&quot;: [Function updateData], &quot;visualizeQuantumState&quot;: [Function visualizeQuantumState]}
Received: undefined
    at Object.toBe (C:\Users\user\Documents\Projects\CyberCore\tests\unit\quantum-visualizer.test.js:205:22)
    at Promise.then.completed (C:\Users\user\Documents\Projects\CyberCore\node_modules\jest-circus\build\utils.js:298:28)
    at new Promise (&lt;anonymous&gt;)
    at callAsyncCircusFn (C:\Users\user\Documents\Projects\CyberCore\node_modules\jest-circus\build\utils.js:231:10)
    at _callCircusTest (C:\Users\user\Documents\Projects\CyberCore\node_modules\jest-circus\build\run.js:316:40)
    at processTicksAndRejections (node:internal/process/task_queues:95:5)
    at _runTest (C:\Users\user\Documents\Projects\CyberCore\node_modules\jest-circus\build\run.js:252:3)
    at _runTestsForDescribeBlock (C:\Users\user\Documents\Projects\CyberCore\node_modules\jest-circus\build\run.js:126:9)
    at _runTestsForDescribeBlock (C:\Users\user\Documents\Projects\CyberCore\node_modules\jest-circus\build\run.js:121:9)
    at _runTestsForDescribeBlock (C:\Users\user\Documents\Projects\CyberCore\node_modules\jest-circus\build\run.js:121:9)
    at run (C:\Users\user\Documents\Projects\CyberCore\node_modules\jest-circus\build\run.js:71:3)
    at runAndTransformResultsToJestFormat (C:\Users\user\Documents\Projects\CyberCore\node_modules\jest-circus\build\legacy-code-todo-rewrite\jestAdapterInit.js:122:21)
    at jestAdapter (C:\Users\user\Documents\Projects\CyberCore\node_modules\jest-circus\build\legacy-code-todo-rewrite\jestAdapter.js:79:19)
    at runTestInternal (C:\Users\user\Documents\Projects\CyberCore\node_modules\jest-runner\build\runTest.js:367:16)
    at runTest (C:\Users\user\Documents\Projects\CyberCore\node_modules\jest-runner\build\runTest.js:444:34)
    at Object.worker (C:\Users\user\Documents\Projects\CyberCore\node_modules\jest-runner\build\testWorker.js:106:12)</failure>
    </testcase>
    <testcase classname="Quantum Visualizer Hologram Integration should gracefully handle null/undefined hologram components" name="Quantum Visualizer Hologram Integration should gracefully handle null/undefined hologram components" time="0.005">
      <failure>Error: expect(received).toBe(expected) // Object.is equality

Expected: {&quot;applyFractalPatterns&quot;: [Function applyFractalPatterns], &quot;connectHologram&quot;: [Function connectHologram], &quot;connectToBus&quot;: [Function connectToBus], &quot;disconnectFromNeuralBus&quot;: [Function disconnectFromNeuralBus], &quot;handleCartEvent&quot;: [Function handleCartEvent], &quot;handleHologramUpdate&quot;: [Function handleHologramUpdate], &quot;handleQuantumMutation&quot;: [Function handleQuantumMutation], &quot;render&quot;: [Function render], &quot;update&quot;: [Function update], &quot;updateData&quot;: [Function updateData], &quot;visualizeQuantumState&quot;: [Function visualizeQuantumState]}
Received: undefined
    at Object.toBe (C:\Users\user\Documents\Projects\CyberCore\tests\unit\quantum-visualizer.test.js:212:22)
    at Promise.then.completed (C:\Users\user\Documents\Projects\CyberCore\node_modules\jest-circus\build\utils.js:298:28)
    at new Promise (&lt;anonymous&gt;)
    at callAsyncCircusFn (C:\Users\user\Documents\Projects\CyberCore\node_modules\jest-circus\build\utils.js:231:10)
    at _callCircusTest (C:\Users\user\Documents\Projects\CyberCore\node_modules\jest-circus\build\run.js:316:40)
    at processTicksAndRejections (node:internal/process/task_queues:95:5)
    at _runTest (C:\Users\user\Documents\Projects\CyberCore\node_modules\jest-circus\build\run.js:252:3)
    at _runTestsForDescribeBlock (C:\Users\user\Documents\Projects\CyberCore\node_modules\jest-circus\build\run.js:126:9)
    at _runTestsForDescribeBlock (C:\Users\user\Documents\Projects\CyberCore\node_modules\jest-circus\build\run.js:121:9)
    at _runTestsForDescribeBlock (C:\Users\user\Documents\Projects\CyberCore\node_modules\jest-circus\build\run.js:121:9)
    at run (C:\Users\user\Documents\Projects\CyberCore\node_modules\jest-circus\build\run.js:71:3)
    at runAndTransformResultsToJestFormat (C:\Users\user\Documents\Projects\CyberCore\node_modules\jest-circus\build\legacy-code-todo-rewrite\jestAdapterInit.js:122:21)
    at jestAdapter (C:\Users\user\Documents\Projects\CyberCore\node_modules\jest-circus\build\legacy-code-todo-rewrite\jestAdapter.js:79:19)
    at runTestInternal (C:\Users\user\Documents\Projects\CyberCore\node_modules\jest-runner\build\runTest.js:367:16)
    at runTest (C:\Users\user\Documents\Projects\CyberCore\node_modules\jest-runner\build\runTest.js:444:34)
    at Object.worker (C:\Users\user\Documents\Projects\CyberCore\node_modules\jest-runner\build\testWorker.js:106:12)</failure>
    </testcase>
  </testsuite>
</testsuites>